<?xml version="1.0" encoding="UTF-8"?>
<testsuite xmlns:xsi="http://www.w3.org/2001/XMLSchema-instance" xsi:noNamespaceSchemaLocation="https://maven.apache.org/surefire/maven-surefire-plugin/xsd/surefire-test-report-3.0.xsd" version="3.0" name="edu.brown.cs.student.api.endpointHandlers.LoadHandlerTest" time="0.009" tests="4" errors="0" skipped="0" failures="0">
  <properties>
[...]
</properties>
  <testcase name="loadMultipleCSV" classname="edu.brown.cs.student.api.endpointHandlers.LoadHandlerTest" time="0.003">
    <system-out><![CDATA[Server started.
]]></system-out>
  </testcase>
  <testcase name="loadNoPath" classname="edu.brown.cs.student.api.endpointHandlers.LoadHandlerTest" time="0.001"/>
  <testcase name="loadSuccessFile" classname="edu.brown.cs.student.api.endpointHandlers.LoadHandlerTest" time="0.002"/>
  <testcase name="loadInvalidPath" classname="edu.brown.cs.student.api.endpointHandlers.LoadHandlerTest" time="0.001"/>
</testsuite>