<?xml version="1.0" encoding="UTF-8"?>
<testsuite xmlns:xsi="http://www.w3.org/2001/XMLSchema-instance" xsi:noNamespaceSchemaLocation="https://maven.apache.org/surefire/maven-surefire-plugin/xsd/surefire-test-report-3.0.xsd" version="3.0" name="edu.brown.cs.student.api.SQLiteDBUnitTest" time="0.99" tests="20" errors="0" skipped="0" failures="0">
  <properties>
[...]
</properties>
  <testcase name="test_ExecuteSQLQuery_GoodInput" classname="edu.brown.cs.student.api.SQLiteDBUnitTest" time="0.337">
    <system-out><![CDATA[Success! AutoCommit successfully changed for this.conn!
Success! Connection to SSQLiteDB has been established
Success! SQL Query has been executed in connected database
Success! SQL Query has been executed in connected database
Success! SQL Query has been executed in connected database
Success! SQL Query has been executed in connected database
]]></system-out>
  </testcase>
  <testcase name="test_RandomCreate" classname="edu.brown.cs.student.api.SQLiteDBUnitTest" time="0.559">
    <system-out><![CDATA[Success! Connection to SSQLiteDB has been closed
Success! AutoCommit successfully changed for this.conn!
Success! New SQLite DB has been created
Success! New table has been created
Success! New table has been created
Success! New table has been created
Success! New table has been created
Success! New table has been created
Success! New table has been created
Success! New table has been created
Success! New table has been created
Success! New table has been created
Success! New table has been created
Success! New table has been created
Success! New table has been created
Success! New table has been created
Success! New table has been created
Success! New table has been created
Success! New table has been created
Success! New table has been created
Success! New table has been created
Success! New table has been created
Success! New table has been created
Success! New table has been created
Success! New table has been created
Success! New table has been created
Success! New table has been created
Success! New table has been created
Success! New table has been created
Success! New table has been created
Success! New table has been created
Success! New table has been created
Success! New table has been created
Success! New table has been created
Success! New table has been created
Success! New table has been created
Success! New table has been created
Success! New table has been created
Success! New table has been created
Success! New table has been created
Success! New table has been created
Success! New table has been created
Success! New table has been created
Success! New table has been created
Success! New table has been created
Success! New table has been created
Success! New table has been created
Success! New table has been created
Success! New table has been created
Success! New table has been created
Success! New table has been created
Success! New table has been created
Success! New table has been created
Success! New table has been created
Success! New table has been created
Success! New table has been created
Success! New table has been created
Success! New table has been created
Success! New table has been created
Success! New table has been created
Success! New table has been created
Success! New table has been created
Success! New table has been created
Success! New table has been created
Success! New table has been created
Success! New table has been created
Success! New table has been created
Success! New table has been created
Success! New table has been created
Success! New table has been created
Success! New table has been created
Success! New table has been created
Success! New table has been created
Success! New table has been created
Success! New table has been created
Success! New table has been created
Success! New table has been created
Success! New table has been created
Success! New table has been created
Success! New table has been created
Success! New table has been created
Success! New table has been created
Success! New table has been created
Success! New table has been created
Success! New table has been created
Success! New table has been created
Success! New table has been created
Success! New table has been created
Success! New table has been created
Success! New table has been created
Success! New table has been created
Success! New table has been created
Success! New table has been created
Success! New table has been created
Success! New table has been created
Success! New table has been created
Success! New table has been created
Success! New table has been created
Success! New table has been created
Success! New table has been created
Success! New table has been created
Success! New table has been created
Success! New table has been created
Success! New table has been created
Success! New table has been created
Success! New table has been created
Success! New table has been created
Success! New table has been created
Success! New table has been created
Success! New table has been created
Success! New table has been created
Success! New table has been created
Success! New table has been created
Success! New table has been created
Success! New table has been created
Success! New table has been created
Success! New table has been created
Success! New table has been created
Success! New table has been created
Success! New table has been created
Success! New table has been created
Success! New table has been created
Success! New table has been created
Success! New table has been created
Success! New table has been created
Success! New table has been created
Success! New table has been created
Success! New table has been created
Success! New table has been created
Success! New table has been created
Success! New table has been created
Success! New table has been created
Success! New table has been created
Success! New table has been created
Success! New table has been created
Success! New table has been created
Success! New table has been created
Success! New table has been created
Success! New table has been created
Success! New table has been created
Success! New table has been created
Success! New table has been created
Success! New table has been created
Success! New table has been created
Success! New table has been created
Success! New table has been created
Success! New table has been created
Success! New table has been created
Success! New table has been created
Success! New table has been created
Success! New table has been created
Success! New table has been created
Success! New table has been created
Success! New table has been created
Success! New table has been created
Success! New table has been created
Success! New table has been created
Success! New table has been created
Success! New table has been created
Success! New table has been created
Success! New table has been created
Success! New table has been created
Success! New table has been created
Success! New table has been created
Success! New table has been created
Success! New table has been created
Success! New table has been created
Success! New table has been created
Success! New table has been created
Success! New table has been created
Success! New table has been created
Success! New table has been created
Success! New table has been created
Success! New table has been created
Success! New table has been created
Success! New table has been created
Success! New table has been created
Success! New table has been created
Success! New table has been created
Success! New table has been created
Success! New table has been created
Success! New table has been created
Success! New table has been created
Success! New table has been created
Success! New table has been created
Success! New table has been created
Success! New table has been created
Success! New table has been created
Success! New table has been created
Success! New table has been created
Success! New table has been created
Success! New table has been created
Success! New table has been created
Success! New table has been created
Success! New table has been created
Success! New table has been created
Success! New table has been created
Success! New table has been created
Success! New table has been created
Success! New table has been created
Success! New table has been created
Success! New table has been created
Success! New table has been created
Success! New table has been created
Success! New table has been created
Success! New table has been created
Success! New table has been created
Success! New table has been created
Success! New table has been created
Success! New table has been created
Success! New table has been created
Success! New table has been created
Success! New table has been created
Success! New table has been created
Success! New table has been created
Success! New table has been created
Success! New table has been created
Success! New table has been created
Success! New table has been created
Success! New table has been created
Success! New table has been created
Success! New table has been created
Success! New table has been created
Success! New table has been created
Success! New table has been created
Success! New table has been created
Success! New table has been created
Success! New table has been created
Success! New table has been created
Success! New table has been created
Success! New table has been created
Success! New table has been created
Success! New table has been created
Success! New table has been created
Success! New table has been created
Success! New table has been created
Success! New table has been created
Success! New table has been created
Success! New table has been created
Success! New table has been created
Success! New table has been created
Success! New table has been created
Success! New table has been created
Success! New table has been created
Success! New table has been created
Success! New table has been created
Success! New table has been created
Success! New table has been created
Success! New table has been created
Success! New table has been created
Success! New table has been created
Success! New table has been created
Success! New table has been created
Success! New table has been created
Success! New table has been created
Success! New table has been created
Success! New table has been created
Success! New table has been created
Success! New table has been created
Success! New table has been created
Success! New table has been created
Success! New table has been created
Success! New table has been created
Success! New table has been created
Success! New table has been created
Success! New table has been created
Success! New table has been created
Success! New table has been created
Success! New table has been created
Success! New table has been created
Success! New table has been created
Success! New table has been created
Success! New table has been created
Success! New table has been created
Success! New table has been created
Success! New table has been created
Success! New table has been created
Success! New table has been created
Success! New table has been created
Success! New table has been created
Success! New table has been created
Success! New table has been created
Success! New table has been created
Success! New table has been created
Success! New table has been created
Success! New table has been created
Success! New table has been created
Success! New table has been created
Success! New table has been created
Success! New table has been created
Success! New table has been created
Success! New table has been created
Success! New table has been created
Success! New table has been created
Success! New table has been created
Success! New table has been created
Success! New table has been created
Success! New table has been created
Success! New table has been created
Success! New table has been created
Success! New table has been created
Success! New table has been created
Success! New table has been created
Success! New table has been created
Success! New table has been created
Success! New table has been created
Success! New table has been created
Success! New table has been created
Success! New table has been created
Success! New table has been created
Success! New table has been created
Success! New table has been created
Success! New table has been created
Success! New table has been created
Success! New table has been created
Success! New table has been created
Success! New table has been created
Success! New table has been created
Success! New table has been created
Success! New table has been created
Success! New table has been created
Success! New table has been created
Success! New table has been created
Success! New table has been created
Success! New table has been created
Success! New table has been created
Success! New table has been created
Success! New table has been created
Success! New table has been created
Success! New table has been created
Success! New table has been created
Success! New table has been created
Success! New table has been created
Success! New table has been created
Success! New table has been created
Success! New table has been created
Success! New table has been created
Success! New table has been created
Success! New table has been created
Success! New table has been created
Success! New table has been created
Success! New table has been created
Success! New table has been created
Success! New table has been created
Success! New table has been created
Success! New table has been created
Success! New table has been created
Success! New table has been created
Success! New table has been created
Success! New table has been created
Success! New table has been created
Success! New table has been created
Success! New table has been created
Success! New table has been created
Success! New table has been created
Success! New table has been created
Success! New table has been created
Success! New table has been created
Success! New table has been created
Success! New table has been created
Success! New table has been created
Success! New table has been created
Success! New table has been created
Success! New table has been created
Success! New table has been created
Success! New table has been created
Success! New table has been created
Success! New table has been created
Success! New table has been created
Success! New table has been created
Success! New table has been created
Success! New table has been created
Success! New table has been created
Success! New table has been created
Success! New table has been created
Success! New table has been created
Success! New table has been created
Success! New table has been created
Success! New table has been created
Success! New table has been created
Success! New table has been created
Success! New table has been created
Success! New table has been created
Success! New table has been created
Success! New table has been created
Success! New table has been created
Success! New table has been created
Success! New table has been created
Success! New table has been created
Success! New table has been created
Success! New table has been created
Success! New table has been created
Success! New table has been created
Success! New table has been created
Success! New table has been created
Success! New table has been created
Success! New table has been created
Success! New table has been created
Success! New table has been created
Success! New table has been created
Success! New table has been created
Success! New table has been created
Success! New table has been created
Success! New table has been created
Success! New table has been created
Success! New table has been created
Success! New table has been created
Success! New table has been created
Success! New table has been created
Success! New table has been created
Success! New table has been created
Success! New table has been created
Success! New table has been created
Success! New table has been created
Success! New table has been created
Success! New table has been created
Success! New table has been created
Success! New table has been created
Success! New table has been created
Success! New table has been created
Success! New table has been created
Success! New table has been created
Success! New table has been created
Success! New table has been created
Success! New table has been created
Success! New table has been created
Success! New table has been created
Success! New table has been created
Success! New table has been created
Success! New table has been created
Success! New table has been created
Success! New table has been created
Success! New table has been created
Success! New table has been created
Success! New table has been created
Success! New table has been created
Success! New table has been created
Success! New table has been created
Success! New table has been created
Success! New table has been created
Success! New table has been created
Success! New table has been created
Success! New table has been created
Success! New table has been created
Success! New table has been created
Success! New table has been created
Success! New table has been created
Success! New table has been created
Success! New table has been created
Success! New table has been created
Success! New table has been created
Success! New table has been created
Success! New table has been created
Success! New table has been created
Success! New table has been created
Success! New table has been created
Success! New table has been created
Success! New table has been created
Success! New table has been created
Success! New table has been created
Success! New table has been created
Success! New table has been created
Success! New table has been created
Success! New table has been created
Success! New table has been created
Success! New table has been created
Success! New table has been created
Success! New table has been created
Success! New table has been created
Success! New table has been created
Success! New table has been created
Success! New table has been created
Success! New table has been created
Success! New table has been created
Success! New table has been created
Success! New table has been created
Success! New table has been created
Success! New table has been created
Success! New table has been created
Success! New table has been created
Success! New table has been created
Success! New table has been created
Success! New table has been created
Success! New table has been created
Success! New table has been created
Success! New table has been created
Success! New table has been created
Success! New table has been created
Success! New table has been created
Success! New table has been created
Success! New table has been created
Success! New table has been created
Success! New table has been created
Success! New table has been created
Success! New table has been created
Success! New table has been created
Success! New table has been created
Success! New table has been created
Success! New table has been created
Success! New table has been created
Success! New table has been created
Success! New table has been created
Success! New table has been created
Success! New table has been created
Success! New table has been created
Success! New table has been created
Success! New table has been created
Success! New table has been created
Success! New table has been created
Success! New table has been created
Success! New table has been created
Success! New table has been created
Success! New table has been created
Success! New table has been created
Success! New table has been created
Success! New table has been created
Success! New table has been created
Success! New table has been created
Success! New table has been created
Success! New table has been created
Success! New table has been created
Success! New table has been created
Success! New table has been created
Success! New table has been created
Success! New table has been created
Success! New table has been created
Success! New table has been created
Success! New table has been created
Success! New table has been created
Success! New table has been created
Success! New table has been created
Success! New table has been created
Success! New table has been created
Success! New table has been created
Success! New table has been created
Success! New table has been created
Success! New table has been created
Success! New table has been created
Success! New table has been created
Success! New table has been created
Success! New table has been created
Success! New table has been created
Success! New table has been created
Success! New table has been created
Success! New table has been created
Success! New table has been created
Success! New table has been created
Success! New table has been created
Success! New table has been created
Success! New table has been created
Success! New table has been created
Success! New table has been created
Success! New table has been created
Success! New table has been created
Success! New table has been created
Success! New table has been created
Success! New table has been created
Success! New table has been created
Success! New table has been created
Success! New table has been created
Success! New table has been created
Success! New table has been created
Success! New table has been created
Success! New table has been created
Success! New table has been created
Success! New table has been created
Success! New table has been created
Success! New table has been created
Success! New table has been created
Success! New table has been created
Success! New table has been created
Success! New table has been created
Success! New table has been created
Success! New table has been created
Success! New table has been created
Success! New table has been created
Success! New table has been created
Success! New table has been created
Success! New table has been created
Success! New table has been created
Success! New table has been created
Success! New table has been created
Success! New table has been created
Success! New table has been created
Success! New table has been created
Success! New table has been created
Success! New table has been created
Success! New table has been created
Success! New table has been created
Success! New table has been created
Success! New table has been created
Success! New table has been created
Success! New table has been created
Success! New table has been created
Success! New table has been created
Success! New table has been created
Success! New table has been created
Success! New table has been created
Success! New table has been created
Success! New table has been created
Success! New table has been created
Success! New table has been created
Success! New table has been created
Success! New table has been created
Success! New table has been created
Success! New table has been created
Success! New table has been created
Success! New table has been created
Success! New table has been created
Success! New table has been created
Success! New table has been created
Success! New table has been created
Success! New table has been created
Success! New table has been created
Success! New table has been created
Success! New table has been created
Success! New table has been created
Success! New table has been created
Success! New table has been created
Success! New table has been created
Success! New table has been created
Success! New table has been created
Success! New table has been created
Success! New table has been created
Success! New table has been created
Success! New table has been created
Success! New table has been created
Success! New table has been created
Success! New table has been created
Success! New table has been created
Success! New table has been created
Success! New table has been created
Success! New table has been created
Success! New table has been created
Success! New table has been created
Success! New table has been created
Success! New table has been created
Success! New table has been created
Success! New table has been created
Success! New table has been created
Success! New table has been created
Success! New table has been created
Success! New table has been created
Success! New table has been created
Success! New table has been created
Success! New table has been created
Success! New table has been created
Success! New table has been created
Success! New table has been created
Success! New table has been created
Success! New table has been created
Success! New table has been created
Success! New table has been created
Success! New table has been created
Success! New table has been created
Success! New table has been created
Success! New table has been created
Success! New table has been created
Success! New table has been created
Success! New table has been created
Success! New table has been created
Success! New table has been created
Success! New table has been created
Success! New table has been created
Success! New table has been created
Success! New table has been created
Success! New table has been created
Success! New table has been created
Success! New table has been created
Success! New table has been created
Success! New table has been created
Success! New table has been created
Success! New table has been created
Success! New table has been created
Success! New table has been created
Success! New table has been created
Success! New table has been created
Success! New table has been created
Success! New table has been created
Success! New table has been created
Success! New table has been created
Success! New table has been created
Success! New table has been created
Success! New table has been created
Success! New table has been created
Success! New table has been created
Success! New table has been created
Success! New table has been created
Success! New table has been created
Success! New table has been created
Success! New table has been created
Success! New table has been created
Success! New table has been created
Success! New table has been created
Success! New table has been created
Success! New table has been created
Success! New table has been created
Success! New table has been created
Success! New table has been created
Success! New table has been created
Success! New table has been created
Success! New table has been created
Success! New table has been created
Success! New table has been created
Success! New table has been created
Success! New table has been created
Success! New table has been created
Success! New table has been created
Success! New table has been created
Success! New table has been created
Success! New table has been created
Success! New table has been created
Success! New table has been created
Success! New table has been created
Success! New table has been created
Success! New table has been created
Success! New table has been created
Success! New table has been created
Success! New table has been created
Success! New table has been created
Success! New table has been created
Success! New table has been created
Success! New table has been created
Success! New table has been created
Success! New table has been created
Success! New table has been created
Success! New table has been created
Success! New table has been created
Success! New table has been created
Success! New table has been created
Success! New table has been created
Success! New table has been created
Success! New table has been created
Success! New table has been created
Success! New table has been created
Success! New table has been created
Success! New table has been created
Success! New table has been created
Success! New table has been created
Success! New table has been created
Success! New table has been created
Success! New table has been created
Success! New table has been created
Success! New table has been created
Success! New table has been created
Success! New table has been created
Success! New table has been created
Success! New table has been created
Success! New table has been created
Success! New table has been created
Success! New table has been created
Success! New table has been created
Success! New table has been created
Success! New table has been created
Success! New table has been created
Success! New table has been created
Success! New table has been created
Success! New table has been created
Success! New table has been created
Success! New table has been created
Success! New table has been created
Success! New table has been created
Success! New table has been created
Success! New table has been created
Success! New table has been created
Success! New table has been created
Success! New table has been created
Success! New table has been created
Success! New table has been created
Success! New table has been created
Success! New table has been created
Success! New table has been created
Success! New table has been created
Success! New table has been created
Success! New table has been created
Success! New table has been created
Success! New table has been created
Success! New table has been created
Success! New table has been created
Success! New table has been created
Success! New table has been created
Success! New table has been created
Success! New table has been created
Success! New table has been created
Success! New table has been created
Success! New table has been created
Success! New table has been created
Success! New table has been created
Success! New table has been created
Success! New table has been created
Success! New table has been created
Success! New table has been created
Success! New table has been created
Success! New table has been created
Success! New table has been created
Success! New table has been created
Success! New table has been created
Success! New table has been created
Success! New table has been created
Success! New table has been created
Success! New table has been created
Success! New table has been created
Success! New table has been created
Success! New table has been created
Success! New table has been created
Success! New table has been created
Success! New table has been created
Success! New table has been created
Success! New table has been created
Success! New table has been created
Success! New table has been created
Success! New table has been created
Success! New table has been created
Success! New table has been created
Success! New table has been created
Success! New table has been created
Success! New table has been created
Success! New table has been created
Success! New table has been created
Success! New table has been created
Success! New table has been created
Success! New table has been created
Success! New table has been created
Success! New table has been created
Success! New table has been created
Success! New table has been created
Success! New table has been created
Success! New table has been created
Success! New table has been created
Success! New table has been created
Success! New table has been created
Success! New table has been created
Success! New table has been created
Success! New table has been created
Success! New table has been created
Success! New table has been created
Success! New table has been created
Success! New table has been created
Success! New table has been created
Success! New table has been created
Success! New table has been created
Success! New table has been created
Success! New table has been created
Success! New table has been created
Success! New table has been created
Success! New table has been created
Success! New table has been created
Success! New table has been created
Success! New table has been created
Success! New table has been created
Success! New table has been created
Success! New table has been created
Success! New table has been created
Success! New table has been created
Success! New table has been created
Success! New table has been created
Success! New table has been created
Success! New table has been created
Success! New table has been created
Success! New table has been created
Success! New table has been created
Success! New table has been created
Success! New table has been created
Success! New table has been created
Success! New table has been created
Success! New table has been created
Success! New table has been created
Success! New table has been created
Success! New table has been created
Success! New table has been created
Success! New table has been created
Success! New table has been created
Success! New table has been created
Success! New table has been created
Success! New table has been created
Success! New table has been created
Success! New table has been created
Success! New table has been created
Success! New table has been created
Success! New table has been created
Success! New table has been created
Success! New table has been created
Success! New table has been created
Success! New table has been created
Success! New table has been created
Success! New table has been created
Success! New table has been created
Success! New table has been created
Success! New table has been created
Success! New table has been created
Success! New table has been created
Success! New table has been created
Success! New table has been created
Success! New table has been created
Success! New table has been created
Success! New table has been created
Success! New table has been created
Success! New table has been created
Success! New table has been created
Success! New table has been created
Success! New table has been created
Success! New table has been created
Success! New table has been created
Success! New table has been created
Success! New table has been created
Success! New table has been created
Success! New table has been created
Success! New table has been created
Success! New table has been created
Success! New table has been created
Success! New table has been created
Success! New table has been created
Success! New table has been created
Success! New table has been created
Success! New table has been created
Success! New table has been created
Success! New table has been created
Success! New table has been created
Success! New table has been created
Success! New table has been created
Success! New table has been created
Success! New table has been created
Success! New table has been created
Success! New table has been created
Success! New table has been created
Success! New table has been created
Success! New table has been created
Success! New table has been created
Success! New table has been created
Success! New table has been created
Success! New table has been created
Success! New table has been created
Success! New table has been created
Success! New table has been created
Success! New table has been created
Success! New table has been created
Success! New table has been created
Success! New table has been created
Success! New table has been created
Success! New table has been created
Success! New table has been created
Success! New table has been created
Success! New table has been created
Success! New table has been created
Success! New table has been created
Success! New table has been created
Success! New table has been created
Success! New table has been created
Success! New table has been created
Success! New table has been created
Success! New table has been created
Success! New table has been created
Success! New table has been created
Success! New table has been created
Success! New table has been created
Success! New table has been created
Success! New table has been created
Success! New table has been created
Success! New table has been created
Success! New table has been created
Success! New table has been created
Success! New table has been created
Success! New table has been created
Success! New table has been created
Success! New table has been created
Success! New table has been created
Success! New table has been created
Success! New table has been created
Success! New table has been created
Success! New table has been created
Success! New table has been created
Success! New table has been created
Success! New table has been created
Success! New table has been created
Success! New table has been created
Success! New table has been created
Success! New table has been created
Success! New table has been created
Success! New table has been created
Success! New table has been created
Success! New table has been created
Success! New table has been created
Success! New table has been created
Success! New table has been created
Success! New table has been created
Success! New table has been created
Success! New table has been created
Success! New table has been created
Success! New table has been created
Success! New table has been created
Success! New table has been created
Success! New table has been created
Success! New table has been created
Success! New table has been created
Success! New table has been created
Success! New table has been created
Success! New table has been created
Success! New table has been created
Success! New table has been created
Success! New table has been created
Success! New table has been created
Success! New table has been created
Success! New table has been created
]]></system-out>
  </testcase>
  <testcase name="test_DeleteDB_GoodInput" classname="edu.brown.cs.student.api.SQLiteDBUnitTest" time="0.003">
    <system-out><![CDATA[Success! Connection to SSQLiteDB has been closed
Success! AutoCommit successfully changed for this.conn!
Success! New SQLite DB has been created
Success! Connection to SSQLiteDB has been closed
Success! Database has been deleted
]]></system-out>
  </testcase>
  <testcase name="test_TableExists_BadInput" classname="edu.brown.cs.student.api.SQLiteDBUnitTest" time="0.003">
    <system-out><![CDATA[Success! AutoCommit successfully changed for this.conn!
Success! New SQLite DB has been created
Success! Connection to SSQLiteDB has been closed
]]></system-out>
  </testcase>
  <testcase name="test_ExecuteSQLQuery_BadInput" classname="edu.brown.cs.student.api.SQLiteDBUnitTest" time="0.006">
    <system-out><![CDATA[Success! AutoCommit successfully changed for this.conn!
Success! New SQLite DB has been created
]]></system-out>
  </testcase>
  <testcase name="test_TableExists_GoodInput" classname="edu.brown.cs.student.api.SQLiteDBUnitTest" time="0.002">
    <system-out><![CDATA[Success! Connection to SSQLiteDB has been closed
Success! AutoCommit successfully changed for this.conn!
Success! Connection to SSQLiteDB has been established
]]></system-out>
  </testcase>
  <testcase name="test_CreateNewTable_GoodInput" classname="edu.brown.cs.student.api.SQLiteDBUnitTest" time="0.005">
    <system-out><![CDATA[Success! Connection to SSQLiteDB has been closed
Success! AutoCommit successfully changed for this.conn!
Success! New SQLite DB has been created
Success! New table has been created
]]></system-out>
  </testcase>
  <testcase name="test_DeleteDB_BadInput" classname="edu.brown.cs.student.api.SQLiteDBUnitTest" time="0.005">
    <system-out><![CDATA[Success! Connection to SSQLiteDB has been closed
Success! AutoCommit successfully changed for this.conn!
Success! New SQLite DB has been created
Success! Connection to SSQLiteDB has been closed
Success! AutoCommit successfully changed for this.conn!
Success! Connection to SSQLiteDB has been established
Success! Connection to SSQLiteDB has been closed
Success! Database has been deleted
]]></system-out>
  </testcase>
  <testcase name="test_closeDB_BadInput" classname="edu.brown.cs.student.api.SQLiteDBUnitTest" time="0.002">
    <system-out><![CDATA[Success! AutoCommit successfully changed for this.conn!
Success! New SQLite DB has been created
Success! Connection to SSQLiteDB has been closed
]]></system-out>
  </testcase>
  <testcase name="test_closeDB_GoodInput" classname="edu.brown.cs.student.api.SQLiteDBUnitTest" time="0.002">
    <system-out><![CDATA[Success! AutoCommit successfully changed for this.conn!
Success! New SQLite DB has been created
Success! Connection to SSQLiteDB has been closed
]]></system-out>
  </testcase>
  <testcase name="test_CreateDB_BadInput" classname="edu.brown.cs.student.api.SQLiteDBUnitTest" time="0.004">
    <system-out><![CDATA[Success! AutoCommit successfully changed for this.conn!
Success! New SQLite DB has been created
]]></system-out>
  </testcase>
  <testcase name="test_DropTable_BadInput" classname="edu.brown.cs.student.api.SQLiteDBUnitTest" time="0.004">
    <system-out><![CDATA[Success! Connection to SSQLiteDB has been closed
Success! AutoCommit successfully changed for this.conn!
Success! New SQLite DB has been created
Success! New table has been created
Success! Connection to SSQLiteDB has been closed
]]></system-out>
  </testcase>
  <testcase name="test_ExecuteSQLStatement_BadInput" classname="edu.brown.cs.student.api.SQLiteDBUnitTest" time="0.003">
    <system-out><![CDATA[Success! AutoCommit successfully changed for this.conn!
Success! New SQLite DB has been created
]]></system-out>
  </testcase>
  <testcase name="test_DropTable_GoodInput" classname="edu.brown.cs.student.api.SQLiteDBUnitTest" time="0.005">
    <system-out><![CDATA[Success! Connection to SSQLiteDB has been closed
Success! AutoCommit successfully changed for this.conn!
Success! New SQLite DB has been created
Success! New table has been created
Success! New table has been created
Success! Table has been dropped in connected database
]]></system-out>
  </testcase>
  <testcase name="test_GrabTableSchema_GoodInput" classname="edu.brown.cs.student.api.SQLiteDBUnitTest" time="0.003">
    <system-out><![CDATA[Success! Connection to SSQLiteDB has been closed
Success! AutoCommit successfully changed for this.conn!
Success! Connection to SSQLiteDB has been established
]]></system-out>
  </testcase>
  <testcase name="test_GrabTableSchema_BadInput" classname="edu.brown.cs.student.api.SQLiteDBUnitTest" time="0.005">
    <system-out><![CDATA[Success! Connection to SSQLiteDB has been closed
Success! AutoCommit successfully changed for this.conn!
Success! New SQLite DB has been created
Success! Connection to SSQLiteDB has been closed
]]></system-out>
  </testcase>
  <testcase name="test_Commit_GoodInput" classname="edu.brown.cs.student.api.SQLiteDBUnitTest" time="0.007">
    <system-out><![CDATA[Success! AutoCommit successfully changed for this.conn!
Success! New SQLite DB has been created
Success! New table has been created
Success! Connection to SSQLiteDB has been closed
Success! AutoCommit successfully changed for this.conn!
Success! Connection to SSQLiteDB has been established
Success! New table has been created
Success! Committed to DB!
Success! Connection to SSQLiteDB has been closed
Success! AutoCommit successfully changed for this.conn!
Success! Connection to SSQLiteDB has been established
]]></system-out>
  </testcase>
  <testcase name="test_CreateNewTable_BadInput" classname="edu.brown.cs.student.api.SQLiteDBUnitTest" time="0.005">
    <system-out><![CDATA[Success! Connection to SSQLiteDB has been closed
Success! AutoCommit successfully changed for this.conn!
Success! New SQLite DB has been created
Success! New table has been created
Success! Connection to SSQLiteDB has been closed
]]></system-out>
  </testcase>
  <testcase name="test_ExecuteSQLStatement_GoodInput" classname="edu.brown.cs.student.api.SQLiteDBUnitTest" time="0.005">
    <system-out><![CDATA[Success! AutoCommit successfully changed for this.conn!
Success! New SQLite DB has been created
Success! SQL Statement has been executed in connected database - UpdateCount returned from statement, or no items in ResultSet
Success! SQL Statement has been executed in connected database - UpdateCount returned from statement, or no items in ResultSet
Success! SQL Query has been executed in connected database
Success! SQL Statement has been executed in connected database - UpdateCount returned from statement, or no items in ResultSet
Success! SQL Query has been executed in connected database
Success! SQL Statement has been executed in connected database - UpdateCount returned from statement, or no items in ResultSet
]]></system-out>
  </testcase>
  <testcase name="test_CreateDB_GoodInput" classname="edu.brown.cs.student.api.SQLiteDBUnitTest" time="0.002">
    <system-out><![CDATA[Success! Connection to SSQLiteDB has been closed
Success! AutoCommit successfully changed for this.conn!
Success! New SQLite DB has been created
]]></system-out>
  </testcase>
</testsuite>